app/proguard-rules.pro
# Add project specific ProGuard rules here.
# You can control the set of applied configuration files using the
# proguardFiles setting in build.gradle.
#
# For more details, see
#   http://developer.android.com/guide/developing/tools/proguard.html

# If your project uses WebView with JS, uncomment the following
# and specify the fully qualified class name to the JavaScript interface
# class:
#-keepclassmembers class fqcn.of.javascript.interface.for.webview {
#   public *;
#}

# Preserve line number information and source files for debugging stack traces.
-keepattributes SourceFile,LineNumberTable
-renamesourcefileattribute SourceFile

# Preserve annotations and generic signatures
-keepattributes *Annotation*,Signature,InnerClasses,EnclosingMethod

# Keep data models used with Moshi serialization
-keepclassmembers class * {
    @com.squareup.moshi.* <fields>;
    @com.squareup.moshi.* <methods>;
}

# Room Database keep rules
-keep class * extends androidx.room.RoomDatabase
-dontwarn androidx.room.paging.**

# Networking & Coroutines
-dontwarn okio.**
-dontwarn retrofit2.**
-dontwarn kotlinx.coroutines.**