app/build/outputs/mapping/release/configuration.txt
# The proguard configuration file for the following section is default_proguard_files/global/proguard-android-optimize.txt-9.1.1
# This is a configuration file for ProGuard.
# http://proguard.sourceforge.net/index.html#manual/usage.html
#
# Starting with version 2.2 of the Android plugin for Gradle, this file is distributed together with
# the plugin and unpacked at build-time. The files in $ANDROID_HOME are no longer maintained and
# will be ignored by new version of the Android plugin for Gradle.

# Optimizations: If you don't want to optimize, use the proguard-android.txt configuration file
# instead of this one, which turns off the optimization flags.
-allowaccessmodification

# Preserve some attributes that may be required for reflection.
-keepattributes AnnotationDefault,
                EnclosingMethod,
                InnerClasses,
                RuntimeVisibleAnnotations,
                RuntimeVisibleParameterAnnotations,
                RuntimeVisibleTypeAnnotations,
                Signature

-keep public class com.google.vending.licensing.ILicensingService
-keep public class com.android.vending.licensing.ILicensingService
-keep public class com.google.android.vending.licensing.ILicensingService
-dontnote com.android.vending.licensing.ILicensingService
-dontnote com.google.vending.licensing.ILicensingService
-dontnote com.google.android.vending.licensing.ILicensingService

# For native methods, see https://www.guardsquare.com/manual/configuration/examples#native
-keepclasseswithmembernames,includedescriptorclasses class * {
    native <methods>;
}

# Keep setters in Views so that animations can still work.
-keepclassmembers public class * extends android.view.View {
    void set*(***);
    *** get*();
}

# We want to keep methods in Activity that could be used in the XML attribute onClick.
-keepclassmembers class * extends android.app.Activity {
    public void *(android.view.View);
}

# For enumeration classes, see https://www.guardsquare.com/manual/configuration/examples#enumerations
-keepclassmembers enum * {
    public static **[] values();
    public static ** valueOf(java.lang.String);
}

-keepclassmembers class * implements android.os.Parcelable {
    public static final ** CREATOR;
}

# Preserve annotated Javascript interface methods.
-keepclassmembers class * {
    @android.webkit.JavascriptInterface <methods>;
}

# The support libraries contains references to newer platform versions.
# Don't warn about those in case this app is linking against an older
# platform version. We know about them, and they are safe.
-dontnote android.support.**
-dontnote androidx.**
-dontwarn android.support.**
-dontwarn androidx.**

# Understand the @Keep support annotation.
-keep class android.support.annotation.Keep

-keep @android.support.annotation.Keep class * {*;}

-keepclasseswithmembers class * {
    @android.support.annotation.Keep <methods>;
}

-keepclasseswithmembers class * {
    @android.support.annotation.Keep <fields>;
}

-keepclasseswithmembers class * {
    @android.support.annotation.Keep <init>(...);
}

# These classes are duplicated between android.jar and org.apache.http.legacy.jar.
-dontnote org.apache.http.**
-dontnote android.net.http.**

# These classes are duplicated between android.jar and core-lambda-stubs.jar.
-dontnote java.lang.invoke.**

# End of content from default_proguard_files/global/proguard-android-optimize.txt-9.1.1
# The proguard configuration file for the following section is applet/app/proguard-rules.pro
# ProGuard rules for release build

# Keep data classes and models
-keepclassmembers class * {
    @androidx.room.* <methods>;
    @androidx.room.* <fields>;
}

# Keep Coroutines and Play Services
-keepattributes *Annotation*,Signature,InnerClasses,EnclosingMethod

# AdMob & UMP
-keep public class com.google.android.gms.ads.** { *; }
-keep public class com.google.android.ump.** { *; }

# End of content from applet/app/proguard-rules.pro
# The proguard configuration file for the following section is transformed/billing-ktx-7.1.1/proguard.txt
# See https://discuss.gradle.org/t/meta-inf-version-duplicate-error-when-using-proguard/31380
-dontwarn module-info

-dontwarn java.lang.instrument.ClassFileTransformer
-dontwarn sun.misc.SignalHandler
-dontwarn java.lang.instrument.Instrumentation
-dontwarn sun.misc.Signal
# End of content from transformed/billing-ktx-7.1.1/proguard.txt
# The proguard configuration file for the following section is transformed/billing-7.1.1/proguard.txt
# Keep the AIDL interface
-keep class com.android.vending.billing.** { *; }
-keep class com.google.android.apps.play.billingtestcompanion.aidl.** { *; }

-dontwarn javax.annotation.**
-dontwarn org.checkerframework.**
-dontwarn com.google.android.apps.common.proguard.UsedByReflection

-keepnames class com.android.billingclient.api.ProxyBillingActivity
-keepnames class com.android.billingclient.api.ProxyBillingActivityV2

# Avoids Proguard warning at build time due to Protobuf use of sun.misc.Unsafe
# and libcore.io.Memory which are available at runtime.
-dontwarn libcore.io.Memory
-dontwarn sun.misc.Unsafe


# For Phenotype
# An unused P/H transitive dependency: com.google.android.libraries.phenotype.registration.PhenotypeResourceReader is stripped out from all Granular normal deps and "can't find reference..." DepsVersionCompat test warning
# is suppressed by ProGuard -dontwarn config.
-dontwarn com.google.android.libraries.phenotype.registration.PhenotypeResourceReader
-dontwarn com.google.android.apps.common.proguard.SideEffectFree

# Uses reflection to determine if these classes are present and has a graceful
# fallback if they aren't. The test failure it fixes appears to be caused by flogger.
-dontwarn dalvik.system.VMStack
-dontwarn com.google.common.flogger.backend.google.GooglePlatform
-dontwarn com.google.common.flogger.backend.system.DefaultPlatform
# We keep all fields for every generated proto file as the runtime uses
# reflection over them that ProGuard cannot detect. Without this keep
# rule, fields may be removed that would cause runtime failures.
-keepclassmembers class * extends com.google.android.gms.internal.play_billing.zzhk {
  <fields>;
}

# End of content from transformed/billing-7.1.1/proguard.txt
# The proguard configuration file for the following section is transformed/play-services-ads-23.6.0/proguard.txt
-keep public class com.google.android.gms.ads.internal.ClientApi {
  <init>();
}

# When built for Android API level < 30, Proguard warns that it can't find
# android.telephony.TelephonyDisplayInfo (since it was added only in API level
# 30). But, all its usages are guarded by runtime checks of the API level.
# Hence, it is safe to suppress Proguard's warnings.
-dontwarn android.telephony.TelephonyDisplayInfo

# When built for Android API level < 30, Proguard warns that it can't find
# android.view.Surface#setFrameRate(float, int) (since it was added only in API
# level 30). But, all its usages are guarded by runtime checks of the API level.
# Hence, it is safe to suppress Proguard's warnings.
-dontwarn android.view.Surface

# When built for Android API level < 31, Proguard warns that it can't find
# android.media.ApplicationMediaCapabilities (since it was added only in API
# level 31). But, all its usages are guarded by runtime checks of the API level.
# Hence, it is safe to suppress Proguard's warnings.
-dontwarn android.media.ApplicationMediaCapabilities

# When built for Android API level < 31, Proguard warns that it can't find
# android.media.MediaFeature (since it was added only in API level 31). But,
# all its usages are guarded by runtime checks of the API level.
# Hence, it is safe to suppress Proguard's warnings.
-dontwarn android.media.MediaFeature

# When built for Android API level < 31, Proguard warns that it can't find
# android.media.ApplicationMediaCapabilities$Builder (since it was added only in
# API level 31). But, all its usages are guarded by runtime checks of the API
# level. Hence, it is safe to suppress Proguard's warnings.
-dontwarn android.media.ApplicationMediaCapabilities$Builder

# When built for Android API level < 31, Proguard warns that it can't find
# android.media.MediaFeature$HdrType (since it was added only in API level 31).
# But, all its usages are guarded by runtime checks of the API level.
# Hence, it is safe to suppress Proguard's warnings.
-dontwarn android.media.MediaFeature$HdrType

# When built for Android API level < 32, Proguard warns that it can't find
# android.media.AudioAttributes$Builder (since it was added only in API level
# 32). But, all its usages are guarded by runtime checks of the API level.
# Hence, it is safe to suppress Proguard's warnings.
-dontwarn android.media.AudioAttributes$Builder

# When built for Android API level < 33, Proguard warns that it can't find
# android.adservices.measurement.MeasurementManager (since it was added only
# in API level 33). But, all its usages are guarded by runtime checks of the
# API level. Hence, it is safe to suppress Proguard's warnings.
-dontwarn android.adservices.measurement.MeasurementManager

# When built for Android API level < 33, Proguard warns that it can't find
# javax.lang.model.element.Modifier (since it was added only in API level 33).
# But, all its usages are guarded by runtime checks of the API level. Hence, it
# is safe to suppress Proguard's warnings.
-dontwarn javax.lang.model.element.Modifier

# These are checked at runtime for whether they exist, so it is fine if the API level doesn't include these.
-dontwarn android.content.pm.ApkChecksum
-dontwarn android.content.pm.PackageManager$OnChecksumsReadyListener
# Only for the requestChecksums method, but sadly -dontwarn can't take just a single method.
-dontwarn android.content.pm.PackageManager

# We keep all fields for every generated proto file as the runtime uses
# reflection over them that ProGuard cannot detect. Without this keep
# rule, fields may be removed that would cause runtime failures.
-keepclassmembers class * extends com.google.android.gms.internal.ads.zzgxr {
  <fields>;
}

# Auto-generated proguard rule(s) with obfuscated symbol
-dontwarn com.google.android.gms.ads.internal.util.zzx


# End of content from transformed/play-services-ads-23.6.0/proguard.txt
# The proguard configuration file for the following section is transformed/play-services-ads-lite-23.6.0/proguard.txt
# Keep implementations of the AdMob mediation adapter interfaces. Adapters for
# third party ad networks implement these interfaces and are invoked by the
# AdMob SDK via reflection.

-keep class * implements com.google.android.gms.ads.mediation.MediationAdapter {
  public *;
}
-keep class * implements com.google.ads.mediation.MediationAdapter {
  public *;
}
-keep class * implements com.google.android.gms.ads.mediation.customevent.CustomEvent {
  public *;
}
-keep class * implements com.google.ads.mediation.customevent.CustomEvent {
  public *;
}
-keep class * extends com.google.android.gms.ads.mediation.MediationAdNetworkAdapter {
  public *;
}
-keep class * extends com.google.android.gms.ads.mediation.Adapter {
  public *;
}

# Keep classes used for offline ads created by reflection. WorkManagerUtil is
# created reflectively by callers within GMSCore and OfflineNotificationPoster
# is created reflectively by WorkManager.
-keep class com.google.android.gms.ads.internal.util.WorkManagerUtil {
  public *;
}
-keep class com.google.android.gms.ads.internal.offline.buffering.OfflineNotificationPoster {
  public *;
}
-keep class com.google.android.gms.ads.internal.offline.buffering.OfflinePingSender {
  public *;
}

# Keeps the entry for full SDK to access via reflection.
-keep class com.google.android.gms.ads.internal.client.LiteSdkInfo {
  public *;
}

# Keeps the entry for first party plugins to access via reflection.
-keep class com.google.android.gms.ads.MobileAds {
  private void setPlugin(java.lang.String);
}

# Keep recordEvent API for Immersive SDK to access via reflection.
-keep class com.google.android.gms.ads.nativead.NativeAd {
  protected abstract void recordEvent(android.os.Bundle);
}

# We keep all fields for every generated proto file as the runtime uses
# reflection over them that ProGuard cannot detect. Without this keep
# rule, fields may be removed that would cause runtime failures.
-keepclassmembers class * extends com.google.android.gms.internal.ads.zzgxr {
  <fields>;
}

# End of content from transformed/play-services-ads-lite-23.6.0/proguard.txt
# The proguard configuration file for the following section is transformed/firebase-firestore-26.4.0/proguard.txt
# Needed for DNS resolution.  Present in OpenJDK, but not Android
-dontwarn javax.naming.**

# Don't warn about checkerframework
#
# Guava uses the checkerframework and the annotations
# can safely be ignored at runtime.
-dontwarn org.checkerframework.**

# Guava warnings:
-dontwarn java.lang.ClassValue
-dontwarn com.google.j2objc.annotations.Weak
-dontwarn org.codehaus.mojo.animal_sniffer.IgnoreJRERequirement
-dontwarn javax.lang.model.element.Modifier

# Okhttp warnings.
-dontwarn okio.**
-dontwarn com.google.j2objc.annotations.**

# End of content from transformed/firebase-firestore-26.4.0/proguard.txt
# The proguard configuration file for the following section is transformed/recaptcha-18.7.1/proguard.txt
# Proguard cannot process META-INF/versions/9.
# See https://discuss.gradle.org/t/meta-inf-version-duplicate-error-when-using-proguard/31380
-dontwarn module-info

# Ignore the warning becuse ClassValueCtorCache is never used on Android.
-dontwarn kotlinx.coroutines.internal.ClassValueCtorCache

# Ignore warning due to the usage from Guava and kotlinx.coroutines.internal.ClassValueCtorCache
-dontwarn java.lang.ClassValue

# Ignore warning to accommodate the missing injar of kotlinx.coroutines.flow for
# androidx.slidingpanelayout.widget.
-dontwarn kotlinx.coroutines.flow.**

# This prevents the SDK to be obfuscated again when building the android app.
-keep class com.google.android.recaptcha.** { *; }

# This is required for recaptcha mobile to function properly.
# See: https://cloud.google.com/recaptcha-enterprise/docs/instrument-android-apps
-keep class com.google.android.play.core.integrity.** { *; }
-keep class com.google.android.gms.tasks.** {*;}

# To keep okhttp3 generated files which are used in our NetworkModule which is
# used widely across the app.
-dontwarn com.squareup.okhttp3.**
-dontwarn okhttp3.**
-keep class com.squareup.okhttp3.* { *;}
-keep class okhttp3.**

# Uses reflection to determine if these classes are present and has a graceful
# fallback if they aren't.
-dontwarn dalvik.system.VMStack
# We keep all fields for every generated proto file as the runtime uses
# reflection over them that ProGuard cannot detect. Without this keep
# rule, fields may be removed that would cause runtime failures.
-keepclassmembers class * extends com.google.android.recaptcha.internal.zzsn {
  <fields>;
}

# End of content from transformed/recaptcha-18.7.1/proguard.txt
# The proguard configuration file for the following section is transformed/firebase-ai-17.13.0/proguard.txt
# Add project specific ProGuard rules here.
# You can control the set of applied configuration files using the
# proguardFiles setting in build.gradle.
#
# For more details, see
#   http://developer.android.com/guide/developing/tools/proguard.html

# If your project uses WebView with JS, uncomment the following
# and specify the fully qualified class name to the JavaScript interface
# class:
#-keepclassmembers class fqcn.of.javascript.interface.for.webview {
#   public *;
#}

# Uncomment this to preserve the line number information for
# debugging stack traces.
#-keepattributes SourceFile,LineNumberTable

# If you keep the line number information, uncomment this to
# hide the original source file name.
#-renamesourcefileattribute SourceFile

-keep class com.google.firebase.ai.type.** { *; }
-keep class com.google.firebase.ai.common.** { *; }

# End of content from transformed/firebase-ai-17.13.0/proguard.txt
# The proguard configuration file for the following section is transformed/firebase-auth-interop-19.0.2/proguard.txt
# Can be removed once we pull in a dependency on firebase-common that includes
# https://github.com/firebase/firebase-android-sdk/pull/1472/commits/856f1ca1151cdd88679bbc778892f23dfa34fc06#diff-a2ed34b5a38b4c6c686b09e54865eb48
-dontwarn com.google.auto.value.AutoValue
-dontwarn com.google.auto.value.AutoValue$Builder

# End of content from transformed/firebase-auth-interop-19.0.2/proguard.txt
# The proguard configuration file for the following section is transformed/firebase-common-22.1.0/proguard.txt
-dontwarn com.google.firebase.platforminfo.KotlinDetector
-dontwarn com.google.auto.value.AutoValue
-dontwarn com.google.auto.value.AutoValue$Builder

# End of content from transformed/firebase-common-22.1.0/proguard.txt
# The proguard configuration file for the following section is transformed/play-services-recaptchabase-16.1.0/proguard.txt
# Proguard cannot process META-INF/versions/9.
# See https://discuss.gradle.org/t/meta-inf-version-duplicate-error-when-using-proguard/31380
-dontwarn module-info

# End of content from transformed/play-services-recaptchabase-16.1.0/proguard.txt
# The proguard configuration file for the following section is transformed/play-services-base-18.9.0/proguard.txt
# b/35135904 Ensure that proguard will not strip the mResultGuardian.
-keepclassmembers class com.google.android.gms.common.api.internal.BasePendingResult {
  com.google.android.gms.common.api.internal.BasePendingResult$ReleasableResultGuardian mResultGuardian;
}



# End of content from transformed/play-services-base-18.9.0/proguard.txt
# The proguard configuration file for the following section is transformed/work-runtime-2.7.0/proguard.txt
-keep class * extends androidx.work.Worker
-keep class * extends androidx.work.InputMerger
# Keep all constructors on ListenableWorker, Worker (also marked with @Keep)
-keep public class * extends androidx.work.ListenableWorker {
    public <init>(...);
}
# We need to keep WorkerParameters for the ListenableWorker constructor
-keep class androidx.work.WorkerParameters

# End of content from transformed/work-runtime-2.7.0/proguard.txt
# The proguard configuration file for the following section is transformed/room-runtime-release/proguard.txt
-keep class * extends androidx.room.RoomDatabase { void <init>(); }
-dontwarn androidx.room.paging.**
-dontwarn androidx.lifecycle.LiveData

# End of content from transformed/room-runtime-release/proguard.txt
# The proguard configuration file for the following section is transformed/room-ktx-2.7.0/proguard.txt
# Intentionally empty proguard rules to indicate this library is safe to shrink

# End of content from transformed/room-ktx-2.7.0/proguard.txt
# The proguard configuration file for the following section is transformed/runtime-release/proguard.txt
-assumenosideeffects public class androidx.compose.runtime.ComposerKt {
    void sourceInformation(androidx.compose.runtime.Composer,java.lang.String);
    void sourceInformationMarkerStart(androidx.compose.runtime.Composer,int,java.lang.String);
    void sourceInformationMarkerEnd(androidx.compose.runtime.Composer);
}

# Composer's class initializer doesn't do anything but create an EMPTY object. Marking the
# initializers as having no side effects can help encourage shrinkers to merge/devirtualize Composer
# with ComposerImpl.
-assumenosideeffects public class androidx.compose.runtime.Composer {
    void <clinit>();
}
-assumenosideeffects public class androidx.compose.runtime.ComposerImpl {
    void <clinit>();
}
# End of content from transformed/runtime-release/proguard.txt
# The proguard configuration file for the following section is transformed/core-ktx-1.18.0/proguard.txt
# Intentionally empty proguard rules to indicate this library is safe to shrink

# End of content from transformed/core-ktx-1.18.0/proguard.txt