app/build/outputs/mapping/release/seeds.txt
com.kcmitch.v2p.data.db.AppDatabase_Impl
com.kcmitch.v2p.MainActivity
com.kcmitch.v2p.data.db.AppDatabase
com.kcmitch.v2p.MainViewModel
com.kcmitch.v2p.data.db.PipelineVideoEntity: java.lang.String id
com.kcmitch.v2p.pages.workspace.RateType: com.kcmitch.v2p.pages.workspace.RateType valueOf(java.lang.String)
com.kcmitch.v2p.MainViewModel: MainViewModel()
com.kcmitch.v2p.pages.GallerySortDirection: com.kcmitch.v2p.pages.GallerySortDirection valueOf(java.lang.String)
com.kcmitch.v2p.data.db.AppDatabase: AppDatabase()
com.kcmitch.v2p.pages.GalleryGroupMode: com.kcmitch.v2p.pages.GalleryGroupMode valueOf(java.lang.String)
com.kcmitch.v2p.pages.GallerySortOption: com.kcmitch.v2p.pages.GallerySortOption[] values()
com.kcmitch.v2p.pages.GallerySortOption: com.kcmitch.v2p.pages.GallerySortOption valueOf(java.lang.String)
com.kcmitch.v2p.data.db.AppDatabase_Impl: AppDatabase_Impl()
com.kcmitch.v2p.data.db.PipelineVideoDao: java.lang.Object clearAll(kotlin.coroutines.Continuation)
com.kcmitch.v2p.data.db.PipelineVideoDao: java.lang.Object insert(com.kcmitch.v2p.data.db.PipelineVideoEntity,kotlin.coroutines.Continuation)
com.kcmitch.v2p.data.db.PipelineVideoDao: java.lang.Object deleteByUris(java.util.List,kotlin.coroutines.Continuation)
com.kcmitch.v2p.AppScreen: com.kcmitch.v2p.AppScreen[] values()
com.kcmitch.v2p.data.db.PipelineVideoDao: java.lang.Object deleteById(java.lang.String,kotlin.coroutines.Continuation)
com.kcmitch.v2p.pages.GalleryGroupMode: com.kcmitch.v2p.pages.GalleryGroupMode[] values()
com.kcmitch.v2p.data.db.PipelineVideoDao: java.lang.Object getAllPipelineVideos(kotlin.coroutines.Continuation)
com.kcmitch.v2p.MainActivity: MainActivity()
com.kcmitch.v2p.pages.workspace.IntervalUnit: com.kcmitch.v2p.pages.workspace.IntervalUnit[] values()
com.kcmitch.v2p.data.db.PipelineVideoDao: java.lang.Object insertAll(java.util.List,kotlin.coroutines.Continuation)
com.kcmitch.v2p.pages.workspace.OutputFormat: com.kcmitch.v2p.pages.workspace.OutputFormat[] values()
com.kcmitch.v2p.AppScreen: com.kcmitch.v2p.AppScreen valueOf(java.lang.String)
com.kcmitch.v2p.data.db.PipelineVideoDao: kotlinx.coroutines.flow.Flow getAllPipelineVideosFlow()
com.kcmitch.v2p.pages.workspace.OutputFormat: com.kcmitch.v2p.pages.workspace.OutputFormat valueOf(java.lang.String)
com.kcmitch.v2p.settings.TestSettings$TestRegion: com.kcmitch.v2p.settings.TestSettings$TestRegion[] values()
com.kcmitch.v2p.pages.workspace.IntervalUnit: com.kcmitch.v2p.pages.workspace.IntervalUnit valueOf(java.lang.String)
com.kcmitch.v2p.pages.workspace.RateType: com.kcmitch.v2p.pages.workspace.RateType[] values()
com.kcmitch.v2p.settings.TestSettings$TestRegion: com.kcmitch.v2p.settings.TestSettings$TestRegion valueOf(java.lang.String)
com.kcmitch.v2p.pages.GallerySortDirection: com.kcmitch.v2p.pages.GallerySortDirection[] values()
...
com.google.android.recaptcha.internal.zzmf: java.lang.String toString()
com.google.firebase.ai.type.FunctionResponsePart$Internal$FunctionResponse: boolean equals(java.lang.Object)
com.google.android.recaptcha.internal.zzut: void zzl(com.google.android.recaptcha.internal.zzut,long)
com.google.ads.mediation.AbstractAdViewAdapter: void onResume()
com.google.android.gms.ads.internal.client.zzq: void accept(java.lang.Object)
com.google.firebase.ai.type.Tool$Internal$Companion: Tool$Internal$Companion()
com.google.firebase.ai.type.FunctionDeclaration$Internal: com.google.firebase.ai.type.Schema$InternalOpenAPI getParameters()
com.google.android.recaptcha.internal.zzez: kotlin.coroutines.Continuation create(java.lang.Object,kotlin.coroutines.Continuation)
com.google.firebase.ai.type.LiveGenerationConfig$Builder: LiveGenerationConfig$Builder()
kotlin.reflect.jvm.internal.impl.resolve.jvm.JvmPrimitiveType: kotlin.reflect.jvm.internal.impl.resolve.jvm.JvmPrimitiveType[] values()
com.google.firebase.ai.common.GenerateImageRequest$ReferenceType: com.google.firebase.ai.common.GenerateImageRequest$ReferenceType valueOf(java.lang.String)
com.google.firebase.ai.type.SafetySetting$Internal: com.google.firebase.ai.type.HarmCategory$Internal getCategory()
androidx.core.view.WindowInsetsCompat$Impl34: WindowInsetsCompat$Impl34(androidx.core.view.WindowInsetsCompat,android.view.WindowInsets)
com.google.android.gms.ads.mediation.UnifiedNativeAdMapper: java.lang.String getHeadline()
com.google.firebase.ai.type.MultiSpeakerVoiceConfig$Internal: java.lang.String toString()
com.google.android.recaptcha.internal.zzqv: boolean zzE()
androidx.lifecycle.ProcessLifecycleOwner$attach$1: void onActivityCreated(android.app.Activity,android.os.Bundle)
com.google.android.recaptcha.internal.zzyk: com.google.android.recaptcha.internal.zzyk zzf(java.lang.String)
com.google.firebase.ai.type.Content$Builder: com.google.firebase.ai.type.Content$Builder addText(java.lang.String)
com.google.android.gms.ads.internal.util.zzar: zzar(com.google.android.gms.ads.internal.util.zzau)
com.google.firebase.ai.type.ExecutableCodePart$Internal: com.google.firebase.ai.type.ExecutableCodePart$Internal$ExecutableCode component1()
com.google.android.recaptcha.internal.zzqc: void zzq(int)
com.google.firebase.ai.type.GoogleMapsGroundingChunk$Internal$$serializer: void serialize(kotlinx.serialization.encoding.Encoder,java.lang.Object)
com.google.firebase.ai.type.GenerateContentResponse: com.google.firebase.ai.InferenceSource getInferenceSource()
com.google.firebase.ai.type.Schema$InternalJsonNonNull: void write$Self$com_google_firebase_ai_logic_firebase_ai(com.google.firebase.ai.type.Schema$InternalJsonNonNull,kotlinx.serialization.encoding.CompositeEncoder,kotlinx.serialization.descriptors.SerialDescriptor)
com.google.android.play.core.integrity.StandardIntegrityManager$StandardIntegrityToken: java.lang.String token()
com.google.android.recaptcha.internal.zzxp: com.google.android.recaptcha.internal.zzqm zzi()
com.google.android.gms.ads.internal.client.zzex: boolean zzy()
com.google.android.recaptcha.internal.zzpk: zzpk(java.lang.String,char[])
com.google.firebase.ai.type.LiveGenerationConfig$Internal: java.lang.Integer component3()
com.google.firebase.ai.type.LiveSession$BidiGenerateContentClientContentSetup$Internal$$serializer: kotlinx.serialization.descriptors.SerialDescriptor getDescriptor()
com.google.firebase.ai.type.ImagenControlConfig$Internal: java.lang.Integer getSuperpixelRuler()
androidx.compose.ui.platform.AndroidComposeView: androidx.compose.ui.platform.AndroidComposeView$ViewTreeOwners getViewTreeOwners()
com.google.firebase.ai.type.GroundingMetadata$Internal$$serializer: kotlinx.serialization.KSerializer[] childSerializers()
com.google.android.gms.ads.nonagon.signalgeneration.zzal: com.google.common.util.concurrent.ListenableFuture zza(java.lang.Object)
com.google.firebase.ai.type.Schema$InternalJsonNullable$Companion: kotlinx.serialization.KSerializer serializer()